{"total": {"lines":{"total":82,"covered":72,"skipped":0,"pct":87.8},"statements":{"total":83,"covered":72,"skipped":0,"pct":86.74},"functions":{"total":22,"covered":19,"skipped":0,"pct":86.36},"branches":{"total":42,"covered":34,"skipped":0,"pct":80.95},"branchesTrue":{"total":0,"covered":0,"skipped":0,"pct":"Unknown"}}
,"/Volumes/Hitchpin/rots-builder/src/RoBuilder.ts": {"lines":{"total":34,"covered":32,"skipped":0,"pct":94.11},"functions":{"total":7,"covered":7,"skipped":0,"pct":100},"statements":{"total":34,"covered":32,"skipped":0,"pct":94.11},"branches":{"total":20,"covered":18,"skipped":0,"pct":90}}
,"/Volumes/Hitchpin/rots-builder/src/errors.ts": {"lines":{"total":12,"covered":9,"skipped":0,"pct":75},"functions":{"total":6,"covered":4,"skipped":0,"pct":66.66},"statements":{"total":12,"covered":9,"skipped":0,"pct":75},"branches":{"total":0,"covered":0,"skipped":0,"pct":100}}
,"/Volumes/Hitchpin/rots-builder/src/factories.ts": {"lines":{"total":7,"covered":7,"skipped":0,"pct":100},"functions":{"total":2,"covered":2,"skipped":0,"pct":100},"statements":{"total":7,"covered":7,"skipped":0,"pct":100},"branches":{"total":4,"covered":4,"skipped":0,"pct":100}}
,"/Volumes/Hitchpin/rots-builder/src/utils.ts": {"lines":{"total":29,"covered":24,"skipped":0,"pct":82.75},"functions":{"total":7,"covered":6,"skipped":0,"pct":85.71},"statements":{"total":30,"covered":24,"skipped":0,"pct":80},"branches":{"total":18,"covered":12,"skipped":0,"pct":66.66}}
}
